[0.085s] DEBUG:colcon:Command line arguments: ['/usr/bin/colcon', 'build', '--packages-select', 'yolov8_ros2']
[0.085s] DEBUG:colcon:Parsed command line arguments: Namespace(log_base=None, log_level=None, verb_name='build', build_base='build', install_base='install', merge_install=False, symlink_install=False, test_result_base=None, continue_on_error=False, executor='parallel', parallel_workers=20, event_handlers=None, ignore_user_meta=False, metas=['./colcon.meta'], base_paths=['.'], packages_ignore=None, packages_ignore_regex=None, paths=None, packages_up_to=None, packages_up_to_regex=None, packages_above=None, packages_above_and_dependencies=None, packages_above_depth=None, packages_select_by_dep=None, packages_skip_by_dep=None, packages_skip_up_to=None, packages_select_build_failed=False, packages_skip_build_finished=False, packages_select_test_failures=False, packages_skip_test_passed=False, packages_select=['yolov8_ros2'], packages_skip=None, packages_select_regex=None, packages_skip_regex=None, packages_start=None, packages_end=None, allow_overriding=[], cmake_args=None, cmake_target=None, cmake_target_skip_unavailable=False, cmake_clean_cache=False, cmake_clean_first=False, cmake_force_configure=False, ament_cmake_args=None, catkin_cmake_args=None, catkin_skip_building_tests=False, verb_parser=<colcon_defaults.argument_parser.defaults.DefaultArgumentsDecorator object at 0x77bb88c7c8b0>, verb_extension=<colcon_core.verb.build.BuildVerb object at 0x77bb88dfd600>, main=<bound method BuildVerb.main of <colcon_core.verb.build.BuildVerb object at 0x77bb88dfd600>>)
[0.120s] Level 1:colcon.colcon_core.package_discovery:discover_packages(colcon_meta) check parameters
[0.120s] Level 1:colcon.colcon_core.package_discovery:discover_packages(recursive) check parameters
[0.120s] Level 1:colcon.colcon_core.package_discovery:discover_packages(ignore) check parameters
[0.120s] Level 1:colcon.colcon_core.package_discovery:discover_packages(path) check parameters
[0.120s] Level 1:colcon.colcon_core.package_discovery:discover_packages(colcon_meta) discover
[0.120s] Level 1:colcon.colcon_core.package_discovery:discover_packages(recursive) discover
[0.120s] INFO:colcon.colcon_core.package_discovery:Crawling recursively for packages in '/home/goma/ros2_ws/src/yolov8_ros2'
[0.120s] Level 1:colcon.colcon_core.package_identification:_identify(.) by extensions ['ignore', 'ignore_ament_install']
[0.120s] Level 1:colcon.colcon_core.package_identification:_identify(.) by extension 'ignore'
[0.120s] Level 1:colcon.colcon_core.package_identification:_identify(.) by extension 'ignore_ament_install'
[0.120s] Level 1:colcon.colcon_core.package_identification:_identify(.) by extensions ['colcon_pkg']
[0.120s] Level 1:colcon.colcon_core.package_identification:_identify(.) by extension 'colcon_pkg'
[0.120s] Level 1:colcon.colcon_core.package_identification:_identify(.) by extensions ['colcon_meta']
[0.120s] Level 1:colcon.colcon_core.package_identification:_identify(.) by extension 'colcon_meta'
[0.120s] Level 1:colcon.colcon_core.package_identification:_identify(.) by extensions ['ros']
[0.120s] Level 1:colcon.colcon_core.package_identification:_identify(.) by extension 'ros'
[0.132s] DEBUG:colcon.colcon_core.package_identification:Package '.' with type 'ros.ament_python' and name 'yolov8_ros2'
[0.132s] Level 1:colcon.colcon_core.package_discovery:discover_packages(recursive) using defaults
[0.132s] Level 1:colcon.colcon_core.package_discovery:discover_packages(ignore) discover
[0.132s] Level 1:colcon.colcon_core.package_discovery:discover_packages(ignore) using defaults
[0.132s] Level 1:colcon.colcon_core.package_discovery:discover_packages(path) discover
[0.132s] Level 1:colcon.colcon_core.package_discovery:discover_packages(path) using defaults
[0.148s] Level 1:colcon.colcon_core.package_discovery:discover_packages(prefix_path) check parameters
[0.148s] Level 1:colcon.colcon_core.package_discovery:discover_packages(prefix_path) discover
[0.151s] DEBUG:colcon.colcon_installed_package_information.package_discovery:Found 21 installed packages in /home/goma/ros2_ws/install
[0.152s] DEBUG:colcon.colcon_installed_package_information.package_discovery:Found 20 installed packages in /home/goma/ros2_ws/src/install
[0.152s] DEBUG:colcon.colcon_installed_package_information.package_discovery:Found 1 installed packages in /home/goma/ros2_ws/src/yolov8_ros2/install
[0.153s] DEBUG:colcon.colcon_installed_package_information.package_discovery:Found 343 installed packages in /opt/ros/humble
[0.154s] Level 1:colcon.colcon_core.package_discovery:discover_packages(prefix_path) using defaults
[0.194s] Level 5:colcon.colcon_core.verb:set package 'yolov8_ros2' build argument 'cmake_args' from command line to 'None'
[0.194s] Level 5:colcon.colcon_core.verb:set package 'yolov8_ros2' build argument 'cmake_target' from command line to 'None'
[0.194s] Level 5:colcon.colcon_core.verb:set package 'yolov8_ros2' build argument 'cmake_target_skip_unavailable' from command line to 'False'
[0.194s] Level 5:colcon.colcon_core.verb:set package 'yolov8_ros2' build argument 'cmake_clean_cache' from command line to 'False'
[0.194s] Level 5:colcon.colcon_core.verb:set package 'yolov8_ros2' build argument 'cmake_clean_first' from command line to 'False'
[0.194s] Level 5:colcon.colcon_core.verb:set package 'yolov8_ros2' build argument 'cmake_force_configure' from command line to 'False'
[0.194s] Level 5:colcon.colcon_core.verb:set package 'yolov8_ros2' build argument 'ament_cmake_args' from command line to 'None'
[0.194s] Level 5:colcon.colcon_core.verb:set package 'yolov8_ros2' build argument 'catkin_cmake_args' from command line to 'None'
[0.194s] Level 5:colcon.colcon_core.verb:set package 'yolov8_ros2' build argument 'catkin_skip_building_tests' from command line to 'False'
[0.194s] DEBUG:colcon.colcon_core.verb:Building package 'yolov8_ros2' with the following arguments: {'ament_cmake_args': None, 'build_base': '/home/goma/ros2_ws/src/yolov8_ros2/build/yolov8_ros2', 'catkin_cmake_args': None, 'catkin_skip_building_tests': False, 'cmake_args': None, 'cmake_clean_cache': False, 'cmake_clean_first': False, 'cmake_force_configure': False, 'cmake_target': None, 'cmake_target_skip_unavailable': False, 'install_base': '/home/goma/ros2_ws/src/yolov8_ros2/install/yolov8_ros2', 'merge_install': False, 'path': '/home/goma/ros2_ws/src/yolov8_ros2', 'symlink_install': False, 'test_result_base': None}
[0.194s] INFO:colcon.colcon_core.executor:Executing jobs using 'parallel' executor
[0.195s] DEBUG:colcon.colcon_parallel_executor.executor.parallel:run_until_complete
[0.195s] INFO:colcon.colcon_ros.task.ament_python.build:Building ROS package in '/home/goma/ros2_ws/src/yolov8_ros2' with build type 'ament_python'
[0.195s] Level 1:colcon.colcon_core.shell:create_environment_hook('yolov8_ros2', 'ament_prefix_path')
[0.197s] INFO:colcon.colcon_core.plugin_system:Skipping extension 'colcon_core.shell.bat': Not used on non-Windows systems
[0.198s] INFO:colcon.colcon_core.shell:Creating environment hook '/home/goma/ros2_ws/src/yolov8_ros2/install/yolov8_ros2/share/yolov8_ros2/hook/ament_prefix_path.ps1'
[0.198s] INFO:colcon.colcon_core.shell:Creating environment descriptor '/home/goma/ros2_ws/src/yolov8_ros2/install/yolov8_ros2/share/yolov8_ros2/hook/ament_prefix_path.dsv'
[0.198s] INFO:colcon.colcon_core.shell:Creating environment hook '/home/goma/ros2_ws/src/yolov8_ros2/install/yolov8_ros2/share/yolov8_ros2/hook/ament_prefix_path.sh'
[0.199s] INFO:colcon.colcon_core.shell:Skip shell extension 'powershell' for command environment: Not usable outside of PowerShell
[0.199s] DEBUG:colcon.colcon_core.shell:Skip shell extension 'dsv' for command environment
[0.330s] INFO:colcon.colcon_core.task.python.build:Building Python package in '/home/goma/ros2_ws/src/yolov8_ros2'
[0.330s] INFO:colcon.colcon_core.shell:Skip shell extension 'powershell' for command environment: Not usable outside of PowerShell
[0.330s] DEBUG:colcon.colcon_core.shell:Skip shell extension 'dsv' for command environment
[0.693s] DEBUG:colcon.colcon_core.event_handler.log_command:Invoking command in '/home/goma/ros2_ws/src/yolov8_ros2': PYTHONPATH=/home/goma/ros2_ws/src/yolov8_ros2/build/yolov8_ros2/prefix_override:/usr/lib/python3/dist-packages/colcon_core/task/python/colcon_distutils_commands:/home/goma/ros2_ws/src/yolov8_ros2/install/yolov8_ros2/lib/python3.10/site-packages:${PYTHONPATH} /usr/bin/python3 -W ignore:setup.py install is deprecated -W ignore:easy_install command is deprecated setup.py egg_info --egg-base build/yolov8_ros2 build --build-base /home/goma/ros2_ws/src/yolov8_ros2/build/yolov8_ros2/build install --record /home/goma/ros2_ws/src/yolov8_ros2/build/yolov8_ros2/install.log --single-version-externally-managed install_data
[0.964s] DEBUG:colcon.colcon_core.event_handler.log_command:Invoked command in '/home/goma/ros2_ws/src/yolov8_ros2' returned '0': PYTHONPATH=/home/goma/ros2_ws/src/yolov8_ros2/build/yolov8_ros2/prefix_override:/usr/lib/python3/dist-packages/colcon_core/task/python/colcon_distutils_commands:/home/goma/ros2_ws/src/yolov8_ros2/install/yolov8_ros2/lib/python3.10/site-packages:${PYTHONPATH} /usr/bin/python3 -W ignore:setup.py install is deprecated -W ignore:easy_install command is deprecated setup.py egg_info --egg-base build/yolov8_ros2 build --build-base /home/goma/ros2_ws/src/yolov8_ros2/build/yolov8_ros2/build install --record /home/goma/ros2_ws/src/yolov8_ros2/build/yolov8_ros2/install.log --single-version-externally-managed install_data
[0.968s] Level 1:colcon.colcon_core.environment:checking '/home/goma/ros2_ws/src/yolov8_ros2/install/yolov8_ros2' for CMake module files
[0.968s] Level 1:colcon.colcon_core.environment:checking '/home/goma/ros2_ws/src/yolov8_ros2/install/yolov8_ros2' for CMake config files
[0.969s] Level 1:colcon.colcon_core.environment:checking '/home/goma/ros2_ws/src/yolov8_ros2/install/yolov8_ros2/lib'
[0.969s] Level 1:colcon.colcon_core.environment:checking '/home/goma/ros2_ws/src/yolov8_ros2/install/yolov8_ros2/bin'
[0.969s] Level 1:colcon.colcon_core.environment:checking '/home/goma/ros2_ws/src/yolov8_ros2/install/yolov8_ros2/lib/pkgconfig/yolov8_ros2.pc'
[0.969s] Level 1:colcon.colcon_core.environment:checking '/home/goma/ros2_ws/src/yolov8_ros2/install/yolov8_ros2/lib/python3.10/site-packages'
[0.969s] Level 1:colcon.colcon_core.shell:create_environment_hook('yolov8_ros2', 'pythonpath')
[0.969s] INFO:colcon.colcon_core.shell:Creating environment hook '/home/goma/ros2_ws/src/yolov8_ros2/install/yolov8_ros2/share/yolov8_ros2/hook/pythonpath.ps1'
[0.969s] INFO:colcon.colcon_core.shell:Creating environment descriptor '/home/goma/ros2_ws/src/yolov8_ros2/install/yolov8_ros2/share/yolov8_ros2/hook/pythonpath.dsv'
[0.969s] INFO:colcon.colcon_core.shell:Creating environment hook '/home/goma/ros2_ws/src/yolov8_ros2/install/yolov8_ros2/share/yolov8_ros2/hook/pythonpath.sh'
[0.970s] Level 1:colcon.colcon_core.environment:checking '/home/goma/ros2_ws/src/yolov8_ros2/install/yolov8_ros2/bin'
[0.970s] Level 1:colcon.colcon_core.environment:create_environment_scripts_only(yolov8_ros2)
[0.970s] INFO:colcon.colcon_core.shell:Creating package script '/home/goma/ros2_ws/src/yolov8_ros2/install/yolov8_ros2/share/yolov8_ros2/package.ps1'
[0.970s] INFO:colcon.colcon_core.shell:Creating package descriptor '/home/goma/ros2_ws/src/yolov8_ros2/install/yolov8_ros2/share/yolov8_ros2/package.dsv'
[0.971s] INFO:colcon.colcon_core.shell:Creating package script '/home/goma/ros2_ws/src/yolov8_ros2/install/yolov8_ros2/share/yolov8_ros2/package.sh'
[0.971s] INFO:colcon.colcon_core.shell:Creating package script '/home/goma/ros2_ws/src/yolov8_ros2/install/yolov8_ros2/share/yolov8_ros2/package.bash'
[0.972s] INFO:colcon.colcon_core.shell:Creating package script '/home/goma/ros2_ws/src/yolov8_ros2/install/yolov8_ros2/share/yolov8_ros2/package.zsh'
[0.972s] Level 1:colcon.colcon_core.environment:create_file_with_runtime_dependencies(/home/goma/ros2_ws/src/yolov8_ros2/install/yolov8_ros2/share/colcon-core/packages/yolov8_ros2)
[0.973s] DEBUG:colcon.colcon_parallel_executor.executor.parallel:closing loop
[0.973s] DEBUG:colcon.colcon_parallel_executor.executor.parallel:loop closed
[0.973s] DEBUG:colcon.colcon_parallel_executor.executor.parallel:run_until_complete finished with '0'
[0.973s] DEBUG:colcon.colcon_core.event_reactor:joining thread
[0.976s] INFO:colcon.colcon_core.plugin_system:Skipping extension 'colcon_notification.desktop_notification.terminal_notifier': Not used on non-Darwin systems
[0.976s] INFO:colcon.colcon_core.plugin_system:Skipping extension 'colcon_notification.desktop_notification.win32': Not used on non-Windows systems
[0.977s] INFO:colcon.colcon_notification.desktop_notification:Sending desktop notification using 'notify2'
[0.987s] DEBUG:colcon.colcon_core.event_reactor:joined thread
[0.988s] INFO:colcon.colcon_core.shell:Creating prefix script '/home/goma/ros2_ws/src/yolov8_ros2/install/local_setup.ps1'
[0.988s] INFO:colcon.colcon_core.shell:Creating prefix util module '/home/goma/ros2_ws/src/yolov8_ros2/install/_local_setup_util_ps1.py'
[0.989s] INFO:colcon.colcon_core.shell:Creating prefix chain script '/home/goma/ros2_ws/src/yolov8_ros2/install/setup.ps1'
[0.990s] INFO:colcon.colcon_core.shell:Creating prefix script '/home/goma/ros2_ws/src/yolov8_ros2/install/local_setup.sh'
[0.991s] INFO:colcon.colcon_core.shell:Creating prefix util module '/home/goma/ros2_ws/src/yolov8_ros2/install/_local_setup_util_sh.py'
[0.991s] INFO:colcon.colcon_core.shell:Creating prefix chain script '/home/goma/ros2_ws/src/yolov8_ros2/install/setup.sh'
[0.992s] INFO:colcon.colcon_core.shell:Creating prefix script '/home/goma/ros2_ws/src/yolov8_ros2/install/local_setup.bash'
[0.993s] INFO:colcon.colcon_core.shell:Creating prefix chain script '/home/goma/ros2_ws/src/yolov8_ros2/install/setup.bash'
[0.994s] INFO:colcon.colcon_core.shell:Creating prefix script '/home/goma/ros2_ws/src/yolov8_ros2/install/local_setup.zsh'
[0.994s] INFO:colcon.colcon_core.shell:Creating prefix chain script '/home/goma/ros2_ws/src/yolov8_ros2/install/setup.zsh'
