/home/goma/ros2_ws/src/yolov8_ros2/install/yolov8_ros2/lib/python3.10/site-packages/yolov8_ros2/back-model-line.py
/home/goma/ros2_ws/src/yolov8_ros2/install/yolov8_ros2/lib/python3.10/site-packages/yolov8_ros2/back-model-line-halfcolor.py
/home/goma/ros2_ws/src/yolov8_ros2/install/yolov8_ros2/lib/python3.10/site-packages/yolov8_ros2/back-sm2.py
/home/goma/ros2_ws/src/yolov8_ros2/install/yolov8_ros2/lib/python3.10/site-packages/yolov8_ros2/__init__.py
/home/goma/ros2_ws/src/yolov8_ros2/install/yolov8_ros2/lib/python3.10/site-packages/yolov8_ros2/back-prefinal.py
/home/goma/ros2_ws/src/yolov8_ros2/install/yolov8_ros2/lib/python3.10/site-packages/yolov8_ros2/back-sm1.py
/home/goma/ros2_ws/src/yolov8_ros2/install/yolov8_ros2/lib/python3.10/site-packages/yolov8_ros2/yolov8_recognition.py
/home/goma/ros2_ws/src/yolov8_ros2/install/yolov8_ros2/lib/python3.10/site-packages/yolov8_ros2/back-model-line-color-circle.py
/home/goma/ros2_ws/src/yolov8_ros2/install/yolov8_ros2/lib/python3.10/site-packages/yolov8_ros2/line_pid.py
/home/goma/ros2_ws/src/yolov8_ros2/install/yolov8_ros2/lib/python3.10/site-packages/yolov8_ros2/backup.py
/home/goma/ros2_ws/src/yolov8_ros2/install/yolov8_ros2/lib/python3.10/site-packages/yolov8_ros2/__pycache__/back-model-line.cpython-310.pyc
/home/goma/ros2_ws/src/yolov8_ros2/install/yolov8_ros2/lib/python3.10/site-packages/yolov8_ros2/__pycache__/back-model-line-halfcolor.cpython-310.pyc
/home/goma/ros2_ws/src/yolov8_ros2/install/yolov8_ros2/lib/python3.10/site-packages/yolov8_ros2/__pycache__/back-sm2.cpython-310.pyc
/home/goma/ros2_ws/src/yolov8_ros2/install/yolov8_ros2/lib/python3.10/site-packages/yolov8_ros2/__pycache__/__init__.cpython-310.pyc
/home/goma/ros2_ws/src/yolov8_ros2/install/yolov8_ros2/lib/python3.10/site-packages/yolov8_ros2/__pycache__/back-prefinal.cpython-310.pyc
/home/goma/ros2_ws/src/yolov8_ros2/install/yolov8_ros2/lib/python3.10/site-packages/yolov8_ros2/__pycache__/back-sm1.cpython-310.pyc
/home/goma/ros2_ws/src/yolov8_ros2/install/yolov8_ros2/lib/python3.10/site-packages/yolov8_ros2/__pycache__/yolov8_recognition.cpython-310.pyc
/home/goma/ros2_ws/src/yolov8_ros2/install/yolov8_ros2/lib/python3.10/site-packages/yolov8_ros2/__pycache__/back-model-line-color-circle.cpython-310.pyc
/home/goma/ros2_ws/src/yolov8_ros2/install/yolov8_ros2/lib/python3.10/site-packages/yolov8_ros2/__pycache__/line_pid.cpython-310.pyc
/home/goma/ros2_ws/src/yolov8_ros2/install/yolov8_ros2/lib/python3.10/site-packages/yolov8_ros2/__pycache__/backup.cpython-310.pyc
/home/goma/ros2_ws/src/yolov8_ros2/install/yolov8_ros2/share/ament_index/resource_index/packages/yolov8_ros2
/home/goma/ros2_ws/src/yolov8_ros2/install/yolov8_ros2/share/yolov8_ros2/package.xml
/home/goma/ros2_ws/src/yolov8_ros2/install/yolov8_ros2/lib/python3.10/site-packages/yolov8_ros2-0.0.0-py3.10.egg-info/dependency_links.txt
/home/goma/ros2_ws/src/yolov8_ros2/install/yolov8_ros2/lib/python3.10/site-packages/yolov8_ros2-0.0.0-py3.10.egg-info/requires.txt
/home/goma/ros2_ws/src/yolov8_ros2/install/yolov8_ros2/lib/python3.10/site-packages/yolov8_ros2-0.0.0-py3.10.egg-info/entry_points.txt
/home/goma/ros2_ws/src/yolov8_ros2/install/yolov8_ros2/lib/python3.10/site-packages/yolov8_ros2-0.0.0-py3.10.egg-info/SOURCES.txt
/home/goma/ros2_ws/src/yolov8_ros2/install/yolov8_ros2/lib/python3.10/site-packages/yolov8_ros2-0.0.0-py3.10.egg-info/top_level.txt
/home/goma/ros2_ws/src/yolov8_ros2/install/yolov8_ros2/lib/python3.10/site-packages/yolov8_ros2-0.0.0-py3.10.egg-info/PKG-INFO
/home/goma/ros2_ws/src/yolov8_ros2/install/yolov8_ros2/lib/python3.10/site-packages/yolov8_ros2-0.0.0-py3.10.egg-info/zip-safe
/home/goma/ros2_ws/src/yolov8_ros2/install/yolov8_ros2/lib/yolov8_ros2/line_pid
/home/goma/ros2_ws/src/yolov8_ros2/install/yolov8_ros2/lib/yolov8_ros2/yolov8_recognition
